Build started 9/29/2014 8:35:13 PM.
     1>Project "C:\Users\Administrator\Documents\Visual Studio 2012\Projects\DayZ_Hack_v2\TestHarness\TestHarness.vcxproj" on node 2 (Rebuild target(s)).
     1>ClCompile:
         C:\Program Files (x86)\Microsoft Visual Studio 11.0\VC\bin\CL.exe /c /I"C:\Users\Administrator\Documents\Visual Studio 2012\Projects\DayZ_Hack_v2\DayZ_Hack_v2" /ZI /nologo /W3 /WX- /Od /Oy- /D WIN32 /D _DEBUG /D _CONSOLE /D _UNICODE /D UNICODE /Gm /EHsc /RTC1 /MDd /GS /fp:precise /Zc:wchar_t /Zc:forScope /Yc"stdafx.h" /Fp"Debug\TestHarness.pch" /Fo"Debug\\" /Fd"Debug\vc110.pdb" /Gd /TP /analyze- /errorReport:prompt stdafx.cpp
         stdafx.cpp
         C:\Program Files (x86)\Microsoft Visual Studio 11.0\VC\bin\CL.exe /c /I"C:\Users\Administrator\Documents\Visual Studio 2012\Projects\DayZ_Hack_v2\DayZ_Hack_v2" /ZI /nologo /W3 /WX- /Od /Oy- /D WIN32 /D _DEBUG /D _CONSOLE /D _UNICODE /D UNICODE /Gm /EHsc /RTC1 /MDd /GS /fp:precise /Zc:wchar_t /Zc:forScope /Yu"stdafx.h" /Fp"Debug\TestHarness.pch" /Fo"Debug\\" /Fd"Debug\vc110.pdb" /Gd /TP /analyze- /errorReport:prompt TestHarness.cpp
         TestHarness.cpp
       Link:
         C:\Program Files (x86)\Microsoft Visual Studio 11.0\VC\bin\link.exe /ERRORREPORT:PROMPT /OUT:"C:\Users\Administrator\Documents\Visual Studio 2012\Projects\DayZ_Hack_v2\Debug\TestHarness.exe" /INCREMENTAL /NOLOGO kernel32.lib user32.lib gdi32.lib winspool.lib comdlg32.lib advapi32.lib shell32.lib ole32.lib oleaut32.lib uuid.lib odbc32.lib odbccp32.lib /MANIFEST /MANIFESTUAC:"level='asInvoker' uiAccess='false'" /manifest:embed /DEBUG /PDB:"C:\Users\Administrator\Documents\Visual Studio 2012\Projects\DayZ_Hack_v2\Debug\TestHarness.pdb" /SUBSYSTEM:CONSOLE /TLBID:1 /DYNAMICBASE /NXCOMPAT /IMPLIB:"C:\Users\Administrator\Documents\Visual Studio 2012\Projects\DayZ_Hack_v2\Debug\TestHarness.lib" /MACHINE:X86 Debug\stdafx.obj
         Debug\TestHarness.obj
         "C:\Users\Administrator\Documents\Visual Studio 2012\Projects\DayZ_Hack_v2\Debug\DayZ_Hack_v2.lib"
     1>LINK : fatal error LNK1104: cannot open file 'C:\Users\Administrator\Documents\Visual Studio 2012\Projects\DayZ_Hack_v2\Debug\DayZ_Hack_v2.lib'
     1>Done Building Project "C:\Users\Administrator\Documents\Visual Studio 2012\Projects\DayZ_Hack_v2\TestHarness\TestHarness.vcxproj" (Rebuild target(s)) -- FAILED.

Build FAILED.

Time Elapsed 00:00:00.21
